{"/Users/caioalmeida/Documents/projects/lottery/src/config/fileMock.js": {"path":"/Users/caioalmeida/Documents/projects/lottery/src/config/fileMock.js","statementMap":{"0":{"start":{"line":1,"column":0},"end":{"line":1,"column":33}}},"fnMap":{},"branchMap":{},"s":{"0":1},"f":{},"b":{},"_coverageSchema":"1a1c01bbd47fc00a2c39e90264f33305004495a9","hash":"9b3028856c1e329c33ff4f6dcc2fc2974525a33d"}
,"/Users/caioalmeida/Documents/projects/lottery/src/config/index.ts": {"path":"/Users/caioalmeida/Documents/projects/lottery/src/config/index.ts","statementMap":{},"fnMap":{},"branchMap":{"0":{"loc":{"start":{"line":3,"column":4},"end":{"line":4,"column":54}},"type":"binary-expr","locations":[{"start":{"line":3,"column":4},"end":{"line":3,"column":33}},{"start":{"line":4,"column":4},"end":{"line":4,"column":54}}],"line":3}},"s":{},"f":{},"b":{"0":[2,2]},"_coverageSchema":"1a1c01bbd47fc00a2c39e90264f33305004495a9","hash":"782f4fa712339d9ed33facdf9b91a0e50c87b707"}
,"/Users/caioalmeida/Documents/projects/lottery/src/config/test-utils.tsx": {"path":"/Users/caioalmeida/Documents/projects/lottery/src/config/test-utils.tsx","statementMap":{"0":{"start":{"line":5,"column":37},"end":{"line":10,"column":1}},"1":{"start":{"line":6,"column":2},"end":{"line":9,"column":5}},"2":{"start":{"line":12,"column":31},"end":{"line":15,"column":74}},"3":{"start":{"line":15,"column":19},"end":{"line":15,"column":74}}},"fnMap":{"0":{"name":"(anonymous_0)","decl":{"start":{"line":5,"column":37},"end":{"line":5,"column":38}},"loc":{"start":{"line":6,"column":2},"end":{"line":9,"column":5}},"line":6},"1":{"name":"(anonymous_1)","decl":{"start":{"line":12,"column":31},"end":{"line":12,"column":32}},"loc":{"start":{"line":15,"column":19},"end":{"line":15,"column":74}},"line":15}},"branchMap":{},"s":{"0":1,"1":2,"2":1,"3":2},"f":{"0":2,"1":2},"b":{},"_coverageSchema":"1a1c01bbd47fc00a2c39e90264f33305004495a9","hash":"e16530641b8ea2990ceb6666e84f0c06d88cd93c"}
,"/Users/caioalmeida/Documents/projects/lottery/src/pages/Home/index.tsx": {"path":"/Users/caioalmeida/Documents/projects/lottery/src/pages/Home/index.tsx","statementMap":{"0":{"start":{"line":22,"column":23},"end":{"line":113,"column":1}},"1":{"start":{"line":23,"column":40},"end":{"line":23,"column":83}},"2":{"start":{"line":24,"column":46},"end":{"line":24,"column":103}},"3":{"start":{"line":25,"column":32},"end":{"line":25,"column":102}},"4":{"start":{"line":26,"column":30},"end":{"line":28,"column":4}},"5":{"start":{"line":30,"column":2},"end":{"line":49,"column":8}},"6":{"start":{"line":32,"column":6},"end":{"line":45,"column":7}},"7":{"start":{"line":33,"column":29},"end":{"line":33,"column":55}},"8":{"start":{"line":34,"column":32},"end":{"line":34,"column":60}},"9":{"start":{"line":36,"column":8},"end":{"line":38,"column":9}},"10":{"start":{"line":37,"column":10},"end":{"line":37,"column":43}},"11":{"start":{"line":40,"column":8},"end":{"line":42,"column":9}},"12":{"start":{"line":41,"column":10},"end":{"line":41,"column":49}},"13":{"start":{"line":48,"column":4},"end":{"line":48,"column":18}},"14":{"start":{"line":51,"column":2},"end":{"line":65,"column":42}},"15":{"start":{"line":52,"column":22},"end":{"line":52,"column":40}},"16":{"start":{"line":55,"column":31},"end":{"line":55,"column":60}},"17":{"start":{"line":56,"column":6},"end":{"line":56,"column":49}},"18":{"start":{"line":56,"column":33},"end":{"line":56,"column":49}},"19":{"start":{"line":59,"column":4},"end":{"line":63,"column":5}},"20":{"start":{"line":60,"column":22},"end":{"line":60,"column":88}},"21":{"start":{"line":60,"column":51},"end":{"line":60,"column":87}},"22":{"start":{"line":62,"column":6},"end":{"line":62,"column":42}},"23":{"start":{"line":67,"column":22},"end":{"line":70,"column":26}},"24":{"start":{"line":68,"column":17},"end":{"line":68,"column":81}},"25":{"start":{"line":68,"column":42},"end":{"line":68,"column":80}},"26":{"start":{"line":69,"column":4},"end":{"line":69,"column":27}},"27":{"start":{"line":72,"column":2},"end":{"line":112,"column":3}},"28":{"start":{"line":79,"column":14},"end":{"line":79,"column":72}},"29":{"start":{"line":107,"column":49},"end":{"line":107,"column":130}}},"fnMap":{"0":{"name":"(anonymous_0)","decl":{"start":{"line":22,"column":23},"end":{"line":22,"column":24}},"loc":{"start":{"line":22,"column":29},"end":{"line":113,"column":1}},"line":22},"1":{"name":"(anonymous_1)","decl":{"start":{"line":30,"column":12},"end":{"line":30,"column":13}},"loc":{"start":{"line":30,"column":18},"end":{"line":49,"column":3}},"line":30},"2":{"name":"initialState","decl":{"start":{"line":31,"column":19},"end":{"line":31,"column":31}},"loc":{"start":{"line":31,"column":34},"end":{"line":46,"column":5}},"line":31},"3":{"name":"(anonymous_3)","decl":{"start":{"line":51,"column":12},"end":{"line":51,"column":13}},"loc":{"start":{"line":51,"column":18},"end":{"line":65,"column":3}},"line":51},"4":{"name":"findByContestId","decl":{"start":{"line":54,"column":19},"end":{"line":54,"column":34}},"loc":{"start":{"line":54,"column":48},"end":{"line":57,"column":5}},"line":54},"5":{"name":"(anonymous_5)","decl":{"start":{"line":60,"column":43},"end":{"line":60,"column":44}},"loc":{"start":{"line":60,"column":51},"end":{"line":60,"column":87}},"line":60},"6":{"name":"(anonymous_6)","decl":{"start":{"line":67,"column":30},"end":{"line":67,"column":31}},"loc":{"start":{"line":67,"column":36},"end":{"line":70,"column":3}},"line":67},"7":{"name":"(anonymous_7)","decl":{"start":{"line":68,"column":34},"end":{"line":68,"column":35}},"loc":{"start":{"line":68,"column":42},"end":{"line":68,"column":80}},"line":68},"8":{"name":"(anonymous_8)","decl":{"start":{"line":78,"column":29},"end":{"line":78,"column":30}},"loc":{"start":{"line":79,"column":14},"end":{"line":79,"column":72}},"line":79},"9":{"name":"(anonymous_9)","decl":{"start":{"line":107,"column":31},"end":{"line":107,"column":32}},"loc":{"start":{"line":107,"column":49},"end":{"line":107,"column":130}},"line":107}},"branchMap":{"0":{"loc":{"start":{"line":36,"column":8},"end":{"line":38,"column":9}},"type":"if","locations":[{"start":{"line":36,"column":8},"end":{"line":38,"column":9}},{"start":{},"end":{}}],"line":36},"1":{"loc":{"start":{"line":36,"column":12},"end":{"line":36,"column":71}},"type":"binary-expr","locations":[{"start":{"line":36,"column":12},"end":{"line":36,"column":39}},{"start":{"line":36,"column":43},"end":{"line":36,"column":71}}],"line":36},"2":{"loc":{"start":{"line":40,"column":8},"end":{"line":42,"column":9}},"type":"if","locations":[{"start":{"line":40,"column":8},"end":{"line":42,"column":9}},{"start":{},"end":{}}],"line":40},"3":{"loc":{"start":{"line":40,"column":12},"end":{"line":40,"column":77}},"type":"binary-expr","locations":[{"start":{"line":40,"column":12},"end":{"line":40,"column":42}},{"start":{"line":40,"column":46},"end":{"line":40,"column":77}}],"line":40},"4":{"loc":{"start":{"line":56,"column":6},"end":{"line":56,"column":49}},"type":"if","locations":[{"start":{"line":56,"column":6},"end":{"line":56,"column":49}},{"start":{},"end":{}}],"line":56},"5":{"loc":{"start":{"line":56,"column":9},"end":{"line":56,"column":31}},"type":"binary-expr","locations":[{"start":{"line":56,"column":9},"end":{"line":56,"column":23}},{"start":{"line":56,"column":27},"end":{"line":56,"column":31}}],"line":56},"6":{"loc":{"start":{"line":59,"column":4},"end":{"line":63,"column":5}},"type":"if","locations":[{"start":{"line":59,"column":4},"end":{"line":63,"column":5}},{"start":{},"end":{}}],"line":59},"7":{"loc":{"start":{"line":69,"column":11},"end":{"line":69,"column":27}},"type":"binary-expr","locations":[{"start":{"line":69,"column":11},"end":{"line":69,"column":21}},{"start":{"line":69,"column":25},"end":{"line":69,"column":27}}],"line":69},"8":{"loc":{"start":{"line":84,"column":9},"end":{"line":102,"column":9}},"type":"binary-expr","locations":[{"start":{"line":84,"column":9},"end":{"line":84,"column":20}},{"start":{"line":84,"column":24},"end":{"line":84,"column":31}},{"start":{"line":85,"column":10},"end":{"line":101,"column":13}}],"line":84},"9":{"loc":{"start":{"line":94,"column":17},"end":{"line":94,"column":34}},"type":"binary-expr","locations":[{"start":{"line":94,"column":17},"end":{"line":94,"column":28}},{"start":{"line":94,"column":32},"end":{"line":94,"column":34}}],"line":94},"10":{"loc":{"start":{"line":94,"column":39},"end":{"line":94,"column":106}},"type":"binary-expr","locations":[{"start":{"line":94,"column":39},"end":{"line":94,"column":52}},{"start":{"line":94,"column":56},"end":{"line":94,"column":100}},{"start":{"line":94,"column":104},"end":{"line":94,"column":106}}],"line":94},"11":{"loc":{"start":{"line":99,"column":36},"end":{"line":99,"column":53}},"type":"binary-expr","locations":[{"start":{"line":99,"column":36},"end":{"line":99,"column":47}},{"start":{"line":99,"column":51},"end":{"line":99,"column":53}}],"line":99}},"s":{"0":1,"1":8,"2":8,"3":8,"4":8,"5":8,"6":2,"7":2,"8":2,"9":2,"10":2,"11":2,"12":2,"13":2,"14":8,"15":5,"16":1,"17":1,"18":1,"19":5,"20":1,"21":1,"22":1,"23":8,"24":3,"25":1,"26":3,"27":8,"28":36,"29":6},"f":{"0":8,"1":2,"2":2,"3":5,"4":1,"5":1,"6":3,"7":1,"8":36,"9":6},"b":{"0":[2,0],"1":[2,2],"2":[2,0],"3":[2,2],"4":[1,0],"5":[1,1],"6":[1,4],"7":[3,2],"8":[8,2,2],"9":[2,1],"10":[2,1,1],"11":[2,1]},"_coverageSchema":"1a1c01bbd47fc00a2c39e90264f33305004495a9","hash":"4d45ed1c89325b3eca370634fce9594cfe70a90e"}
,"/Users/caioalmeida/Documents/projects/lottery/src/pages/Home/styles.ts": {"path":"/Users/caioalmeida/Documents/projects/lottery/src/pages/Home/styles.ts","statementMap":{"0":{"start":{"line":11,"column":26},"end":{"line":18,"column":1}},"1":{"start":{"line":20,"column":25},"end":{"line":29,"column":1}},"2":{"start":{"line":35,"column":30},"end":{"line":54,"column":1}},"3":{"start":{"line":41,"column":27},"end":{"line":41,"column":64}},"4":{"start":{"line":56,"column":28},"end":{"line":60,"column":1}},"5":{"start":{"line":62,"column":22},"end":{"line":72,"column":1}},"6":{"start":{"line":74,"column":23},"end":{"line":79,"column":1}},"7":{"start":{"line":80,"column":27},"end":{"line":83,"column":1}},"8":{"start":{"line":85,"column":37},"end":{"line":100,"column":1}},"9":{"start":{"line":102,"column":30},"end":{"line":119,"column":1}},"10":{"start":{"line":121,"column":30},"end":{"line":133,"column":1}},"11":{"start":{"line":135,"column":28},"end":{"line":145,"column":1}},"12":{"start":{"line":147,"column":28},"end":{"line":155,"column":1}},"13":{"start":{"line":157,"column":30},"end":{"line":161,"column":1}},"14":{"start":{"line":162,"column":36},"end":{"line":168,"column":1}}},"fnMap":{"0":{"name":"(anonymous_0)","decl":{"start":{"line":41,"column":16},"end":{"line":41,"column":17}},"loc":{"start":{"line":41,"column":27},"end":{"line":41,"column":64}},"line":41}},"branchMap":{"0":{"loc":{"start":{"line":41,"column":27},"end":{"line":41,"column":64}},"type":"cond-expr","locations":[{"start":{"line":41,"column":40},"end":{"line":41,"column":56}},{"start":{"line":41,"column":58},"end":{"line":41,"column":64}}],"line":41}},"s":{"0":1,"1":1,"2":1,"3":8,"4":1,"5":1,"6":1,"7":1,"8":1,"9":1,"10":1,"11":1,"12":1,"13":1,"14":1},"f":{"0":8},"b":{"0":[2,6]},"_coverageSchema":"1a1c01bbd47fc00a2c39e90264f33305004495a9","hash":"ea2ea60b7a57ac811b484f60f562d8e5d145bf9f"}
,"/Users/caioalmeida/Documents/projects/lottery/src/services/api.ts": {"path":"/Users/caioalmeida/Documents/projects/lottery/src/services/api.ts","statementMap":{"0":{"start":{"line":3,"column":19},"end":{"line":9,"column":1}},"1":{"start":{"line":4,"column":15},"end":{"line":6,"column":4}},"2":{"start":{"line":8,"column":2},"end":{"line":8,"column":13}}},"fnMap":{"0":{"name":"(anonymous_0)","decl":{"start":{"line":3,"column":19},"end":{"line":3,"column":20}},"loc":{"start":{"line":3,"column":55},"end":{"line":9,"column":1}},"line":3}},"branchMap":{},"s":{"0":3,"1":7,"2":7},"f":{"0":7},"b":{},"_coverageSchema":"1a1c01bbd47fc00a2c39e90264f33305004495a9","hash":"f59b438556265fcef628959ccb37d89e8ad68d50"}
,"/Users/caioalmeida/Documents/projects/lottery/src/services/lottery.ts": {"path":"/Users/caioalmeida/Documents/projects/lottery/src/services/lottery.ts","statementMap":{"0":{"start":{"line":10,"column":34},"end":{"line":16,"column":1}},"1":{"start":{"line":11,"column":2},"end":{"line":15,"column":3}},"2":{"start":{"line":12,"column":4},"end":{"line":12,"column":60}},"3":{"start":{"line":14,"column":4},"end":{"line":14,"column":32}},"4":{"start":{"line":18,"column":36},"end":{"line":25,"column":1}},"5":{"start":{"line":20,"column":2},"end":{"line":24,"column":3}},"6":{"start":{"line":21,"column":4},"end":{"line":21,"column":70}},"7":{"start":{"line":23,"column":4},"end":{"line":23,"column":32}},"8":{"start":{"line":27,"column":35},"end":{"line":35,"column":1}},"9":{"start":{"line":30,"column":2},"end":{"line":34,"column":3}},"10":{"start":{"line":31,"column":4},"end":{"line":31,"column":67}},"11":{"start":{"line":33,"column":4},"end":{"line":33,"column":32}}},"fnMap":{"0":{"name":"(anonymous_0)","decl":{"start":{"line":10,"column":34},"end":{"line":10,"column":35}},"loc":{"start":{"line":10,"column":86},"end":{"line":16,"column":1}},"line":10},"1":{"name":"(anonymous_1)","decl":{"start":{"line":18,"column":36},"end":{"line":18,"column":37}},"loc":{"start":{"line":19,"column":50},"end":{"line":25,"column":1}},"line":19},"2":{"name":"(anonymous_2)","decl":{"start":{"line":27,"column":35},"end":{"line":27,"column":36}},"loc":{"start":{"line":29,"column":50},"end":{"line":35,"column":1}},"line":29}},"branchMap":{},"s":{"0":2,"1":2,"2":2,"3":1,"4":2,"5":2,"6":2,"7":1,"8":2,"9":2,"10":2,"11":1},"f":{"0":2,"1":2,"2":2},"b":{},"_coverageSchema":"1a1c01bbd47fc00a2c39e90264f33305004495a9","hash":"a67254e67bb117b7534e7a13fc5aaeab2fba4669"}
,"/Users/caioalmeida/Documents/projects/lottery/src/styles/globalStyles.ts": {"path":"/Users/caioalmeida/Documents/projects/lottery/src/styles/globalStyles.ts","statementMap":{"0":{"start":{"line":3,"column":28},"end":{"line":28,"column":4}}},"fnMap":{},"branchMap":{},"s":{"0":1},"f":{},"b":{},"_coverageSchema":"1a1c01bbd47fc00a2c39e90264f33305004495a9","hash":"8f84953c88053662ad4b0ee821aea978a5e6a13d"}
,"/Users/caioalmeida/Documents/projects/lottery/src/styles/pxToRem.ts": {"path":"/Users/caioalmeida/Documents/projects/lottery/src/styles/pxToRem.ts","statementMap":{"0":{"start":{"line":1,"column":26},"end":{"line":5,"column":1}},"1":{"start":{"line":2,"column":2},"end":{"line":4,"column":12}},"2":{"start":{"line":3,"column":31},"end":{"line":3,"column":59}}},"fnMap":{"0":{"name":"(anonymous_0)","decl":{"start":{"line":1,"column":26},"end":{"line":1,"column":27}},"loc":{"start":{"line":1,"column":51},"end":{"line":5,"column":1}},"line":1},"1":{"name":"(anonymous_1)","decl":{"start":{"line":3,"column":12},"end":{"line":3,"column":13}},"loc":{"start":{"line":3,"column":31},"end":{"line":3,"column":59}},"line":3}},"branchMap":{},"s":{"0":1,"1":29,"2":29},"f":{"0":29,"1":29},"b":{},"_coverageSchema":"1a1c01bbd47fc00a2c39e90264f33305004495a9","hash":"f0718b87c4e3590e88e2c36840f280f49caaf027"}
,"/Users/caioalmeida/Documents/projects/lottery/src/styles/responsive.ts": {"path":"/Users/caioalmeida/Documents/projects/lottery/src/styles/responsive.ts","statementMap":{"0":{"start":{"line":1,"column":13},"end":{"line":9,"column":1}},"1":{"start":{"line":11,"column":22},"end":{"line":19,"column":1}}},"fnMap":{},"branchMap":{},"s":{"0":1,"1":1},"f":{},"b":{},"_coverageSchema":"1a1c01bbd47fc00a2c39e90264f33305004495a9","hash":"969f491d6174539c0ea5d60cf51587f6125d1f92"}
}
