TN:
SF:src/config/fileMock.js
FNF:0
FNH:0
DA:1,1
LF:1
LH:1
BRF:0
BRH:0
end_of_record
TN:
SF:src/config/index.ts
FNF:0
FNH:0
LF:0
LH:0
BRDA:3,0,0,2
BRDA:3,0,1,2
BRF:2
BRH:2
end_of_record
TN:
SF:src/config/test-utils.tsx
FN:5,(anonymous_0)
FN:12,(anonymous_1)
FNF:2
FNH:2
FNDA:2,(anonymous_0)
FNDA:2,(anonymous_1)
DA:5,1
DA:6,2
DA:12,1
DA:15,2
LF:4
LH:4
BRF:0
BRH:0
end_of_record
TN:
SF:src/pages/Home/index.tsx
FN:22,(anonymous_0)
FN:30,(anonymous_1)
FN:31,initialState
FN:51,(anonymous_3)
FN:54,findByContestId
FN:60,(anonymous_5)
FN:67,(anonymous_6)
FN:68,(anonymous_7)
FN:78,(anonymous_8)
FN:107,(anonymous_9)
FNF:10
FNH:10
FNDA:8,(anonymous_0)
FNDA:2,(anonymous_1)
FNDA:2,initialState
FNDA:5,(anonymous_3)
FNDA:1,findByContestId
FNDA:1,(anonymous_5)
FNDA:3,(anonymous_6)
FNDA:1,(anonymous_7)
FNDA:36,(anonymous_8)
FNDA:6,(anonymous_9)
DA:22,1
DA:23,8
DA:24,8
DA:25,8
DA:26,8
DA:30,8
DA:32,2
DA:33,2
DA:34,2
DA:36,2
DA:37,2
DA:40,2
DA:41,2
DA:48,2
DA:51,8
DA:52,5
DA:55,1
DA:56,1
DA:59,5
DA:60,1
DA:62,1
DA:67,8
DA:68,3
DA:69,3
DA:72,8
DA:79,36
DA:107,6
LF:27
LH:27
BRDA:36,0,0,2
BRDA:36,0,1,0
BRDA:36,1,0,2
BRDA:36,1,1,2
BRDA:40,2,0,2
BRDA:40,2,1,0
BRDA:40,3,0,2
BRDA:40,3,1,2
BRDA:56,4,0,1
BRDA:56,4,1,0
BRDA:56,5,0,1
BRDA:56,5,1,1
BRDA:59,6,0,1
BRDA:59,6,1,4
BRDA:69,7,0,3
BRDA:69,7,1,2
BRDA:84,8,0,8
BRDA:84,8,1,2
BRDA:84,8,2,2
BRDA:94,9,0,2
BRDA:94,9,1,1
BRDA:94,10,0,2
BRDA:94,10,1,1
BRDA:94,10,2,1
BRDA:99,11,0,2
BRDA:99,11,1,1
BRF:26
BRH:23
end_of_record
TN:
SF:src/pages/Home/styles.ts
FN:41,(anonymous_0)
FNF:1
FNH:1
FNDA:8,(anonymous_0)
DA:11,1
DA:20,1
DA:35,1
DA:41,8
DA:56,1
DA:62,1
DA:74,1
DA:80,1
DA:85,1
DA:102,1
DA:121,1
DA:135,1
DA:147,1
DA:157,1
DA:162,1
LF:15
LH:15
BRDA:41,0,0,2
BRDA:41,0,1,6
BRF:2
BRH:2
end_of_record
TN:
SF:src/services/api.ts
FN:3,(anonymous_0)
FNF:1
FNH:1
FNDA:7,(anonymous_0)
DA:3,3
DA:4,7
DA:8,7
LF:3
LH:3
BRF:0
BRH:0
end_of_record
TN:
SF:src/services/lottery.ts
FN:10,(anonymous_0)
FN:18,(anonymous_1)
FN:27,(anonymous_2)
FNF:3
FNH:3
FNDA:2,(anonymous_0)
FNDA:2,(anonymous_1)
FNDA:2,(anonymous_2)
DA:10,2
DA:11,2
DA:12,2
DA:14,1
DA:18,2
DA:20,2
DA:21,2
DA:23,1
DA:27,2
DA:30,2
DA:31,2
DA:33,1
LF:12
LH:12
BRF:0
BRH:0
end_of_record
TN:
SF:src/styles/globalStyles.ts
FNF:0
FNH:0
DA:3,1
LF:1
LH:1
BRF:0
BRH:0
end_of_record
TN:
SF:src/styles/pxToRem.ts
FN:1,(anonymous_0)
FN:3,(anonymous_1)
FNF:2
FNH:2
FNDA:29,(anonymous_0)
FNDA:29,(anonymous_1)
DA:1,1
DA:2,29
DA:3,29
LF:3
LH:3
BRF:0
BRH:0
end_of_record
TN:
SF:src/styles/responsive.ts
FNF:0
FNH:0
DA:1,1
DA:11,1
LF:2
LH:2
BRF:0
BRH:0
end_of_record
